<?xml version="1.0" encoding="UTF-8"?>
<!-- Generated by org.testng.reporters.JUnitXMLReporter -->
<testsuite ignored="0" hostname="Viveks-Air-2.phub.net.cable.rogers.com" failures="1" tests="3" name="Test" time="33.47" errors="0" timestamp="2024-03-10T00:02:29 EST">
  <testcase classname="RahulSeleniumFramework.SubmitOrderTest" name="SubmitOrder" time="9.137"/>
  <testcase classname="RahulSeleniumFramework.SubmitOrderTest" name="SubmitOrder" time="9.354"/>
  <testcase classname="RahulSeleniumFramework.ErrorValidations" name="loginErrorValidation" time="2.563">
    <failure type="java.lang.AssertionError" message="expected [] but found [Incorrect email or password.]">
      <![CDATA[java.lang.AssertionError: expected [] but found [Incorrect email or password.]
at RahulSeleniumFramework.ErrorValidations.loginErrorValidation(ErrorValidations.java:22)
at java.base/java.util.ArrayList.forEach(ArrayList.java:1596)
at java.base/java.util.concurrent.FutureTask.run(FutureTask.java:317)
at java.base/java.util.concurrent.ThreadPoolExecutor.runWorker(ThreadPoolExecutor.java:1144)
at java.base/java.util.concurrent.ThreadPoolExecutor$Worker.run(ThreadPoolExecutor.java:642)
at java.base/java.lang.Thread.run(Thread.java:1583)
... Removed 22 stack frames]]>
    </failure>
  </testcase> <!-- loginErrorValidation -->
</testsuite> <!-- Test -->
